0 info it worked if it ends with ok
1 verbose cli [ 'C:\\Program Files\\nodejs\\node.exe',
1 verbose cli   'C:\\Program Files\\nodejs\\node_modules\\npm\\bin\\npm-cli.js',
1 verbose cli   'run',
1 verbose cli   'test' ]
2 info using npm@3.10.10
3 info using node@v6.11.3
4 verbose run-script [ 'pretest', 'test', 'posttest' ]
5 info lifecycle node-pg@1.0.0~pretest: node-pg@1.0.0
6 silly lifecycle node-pg@1.0.0~pretest: no script for pretest, continuing
7 info lifecycle node-pg@1.0.0~test: node-pg@1.0.0
8 verbose lifecycle node-pg@1.0.0~test: unsafe-perm in lifecycle true
9 verbose lifecycle node-pg@1.0.0~test: PATH: C:\Program Files\nodejs\node_modules\npm\bin\node-gyp-bin;C:\Users\JDBRC\Desktop\Project\node-pg\node_modules\.bin;C:\ProgramData\Anaconda3;C:\ProgramData\Anaconda3\Library\mingw-w64\bin;C:\ProgramData\Anaconda3\Library\usr\bin;C:\ProgramData\Anaconda3\Library\bin;C:\ProgramData\Anaconda3\Scripts;C:\Windows\system32;C:\Windows;C:\Windows\System32\Wbem;C:\Windows\System32\WindowsPowerShell\v1.0\;C:\Program Files (x86)\NVIDIA Corporation\PhysX\Common;C:\ProgramData\chocolatey\bin;C:\WINDOWS\system32;C:\WINDOWS;C:\WINDOWS\System32\Wbem;C:\WINDOWS\System32\WindowsPowerShell\v1.0\;C:\Program Files\Git\cmd;C:\Program Files\nodejs\;C:\ffmpeg\bin;C:\Users\JDBRC\AppData\Local\Microsoft\WindowsApps;C:\Program Files (x86)\Nmap;C:\Program Files\Microsoft VS Code\bin;C:\Program Files\MongoDB\Server\3.6\bin;C:\Users\JDBRC\Desktop\Project\node-pg\node_modules\.bin;C:\Program Files\PostgreSQL\10\bin;
10 verbose lifecycle node-pg@1.0.0~test: CWD: C:\Users\JDBRC\Desktop\Project\node-pg
11 silly lifecycle node-pg@1.0.0~test: Args: [ '/d /s /c', 'echo "Error: no test specified" && exit 1' ]
12 silly lifecycle node-pg@1.0.0~test: Returned: code: 1  signal: null
13 info lifecycle node-pg@1.0.0~test: Failed to exec test script
14 verbose stack Error: node-pg@1.0.0 test: `echo "Error: no test specified" && exit 1`
14 verbose stack Exit status 1
14 verbose stack     at EventEmitter.<anonymous> (C:\Program Files\nodejs\node_modules\npm\lib\utils\lifecycle.js:255:16)
14 verbose stack     at emitTwo (events.js:106:13)
14 verbose stack     at EventEmitter.emit (events.js:191:7)
14 verbose stack     at ChildProcess.<anonymous> (C:\Program Files\nodejs\node_modules\npm\lib\utils\spawn.js:40:14)
14 verbose stack     at emitTwo (events.js:106:13)
14 verbose stack     at ChildProcess.emit (events.js:191:7)
14 verbose stack     at maybeClose (internal/child_process.js:920:16)
14 verbose stack     at Process.ChildProcess._handle.onexit (internal/child_process.js:230:5)
15 verbose pkgid node-pg@1.0.0
16 verbose cwd C:\Users\JDBRC\Desktop\Project\node-pg
17 error Windows_NT 10.0.16299
18 error argv "C:\\Program Files\\nodejs\\node.exe" "C:\\Program Files\\nodejs\\node_modules\\npm\\bin\\npm-cli.js" "run" "test"
19 error node v6.11.3
20 error npm  v3.10.10
21 error code ELIFECYCLE
22 error node-pg@1.0.0 test: `echo "Error: no test specified" && exit 1`
22 error Exit status 1
23 error Failed at the node-pg@1.0.0 test script 'echo "Error: no test specified" && exit 1'.
23 error Make sure you have the latest version of node.js and npm installed.
23 error If you do, this is most likely a problem with the node-pg package,
23 error not with npm itself.
23 error Tell the author that this fails on your system:
23 error     echo "Error: no test specified" && exit 1
23 error You can get information on how to open an issue for this project with:
23 error     npm bugs node-pg
23 error Or if that isn't available, you can get their info via:
23 error     npm owner ls node-pg
23 error There is likely additional logging output above.
24 verbose exit [ 1, true ]
